
> sub-translate@0.1.0 dev
> next dev --turbopack

   ▲ Next.js 15.3.3 (Turbopack)
   - Local:        http://localhost:3000
   - Network:      http://172.29.45.56:3000
   - Environments: .env.local

 ✓ Starting...
 ✓ Compiled middleware in 268ms
 ✓ Ready in 1277ms
 ○ Compiling / ...
 ✓ Compiled / in 2.3s
Current user ID: c6c59df2-4984-4884-96b7-7308e11d699f
 GET / 200 in 2692ms
 ✓ Compiled /favicon.ico in 410ms
 GET /favicon.ico?favicon.45db1c09.ico 200 in 680ms
Current user ID: undefined
 GET / 200 in 89ms
 ○ Compiling /login ...
 ✓ Compiled /login in 886ms
 GET /login 200 in 941ms
 POST / 303 in 1062ms
 GET /login 200 in 45ms
 POST / 303 in 94ms
 GET /login 200 in 118ms
Current user ID: c6c59df2-4984-4884-96b7-7308e11d699f
 GET / 200 in 144ms
 ○ Compiling /api/projects ...
 ✓ Compiled /api/projects in 577ms
 POST /api/projects 201 in 1046ms
